# JRE version: Java(TM) SE Runtime Environment (8.0_161-b12) (build 1.8.0_161-b12)
# Java VM: Java HotSpot(TM) 64-Bit Server VM (25.161-b12 mixed mode linux-amd64 compressed oops)
Heap:
 PSYoungGen      total 132096K, used 9192K [0x00000000ec180000, 0x00000000f4b80000, 0x0000000100000000)
  eden space 122880K, 0% used [0x00000000ec180000,0x00000000ec180000,0x00000000f3980000)
  from space 9216K, 99% used [0x00000000f3980000,0x00000000f427a3e0,0x00000000f4280000)
  to   space 8704K, 0% used [0x00000000f4300000,0x00000000f4300000,0x00000000f4b80000)
 ParOldGen       total 35328K, used 9079K [0x00000000c4400000, 0x00000000c6680000, 0x00000000ec180000)
  object space 35328K, 25% used [0x00000000c4400000,0x00000000c4cddcc0,0x00000000c6680000)
 Metaspace       used 28829K, capacity 29194K, committed 29440K, reserved 1075200K
  class space    used 3638K, capacity 3744K, committed 3840K, reserved 1048576K
GC Heap History (10 events):
Event: 1.592 GC heap after
Heap after GC invocations=3 (full 0):
 PSYoungGen      total 33280K, used 2555K [0x00000000ec180000, 0x00000000f0280000, 0x0000000100000000)
  eden space 30720K, 0% used [0x00000000ec180000,0x00000000ec180000,0x00000000edf80000)
  from space 2560K, 99% used [0x00000000edf80000,0x00000000ee1feef0,0x00000000ee200000)
  to   space 2560K, 0% used [0x00000000f0000000,0x00000000f0000000,0x00000000f0280000)
 ParOldGen       total 40960K, used 2217K [0x00000000c4400000, 0x00000000c6c00000, 0x00000000ec180000)
  object space 40960K, 5% used [0x00000000c4400000,0x00000000c462a5e0,0x00000000c6c00000)
 Metaspace       used 9693K, capacity 9836K, committed 9984K, reserved 1058816K
  class space    used 1200K, capacity 1242K, committed 1280K, reserved 1048576K
}
Event: 2.013 GC heap before
{Heap before GC invocations=4 (full 0):
 PSYoungGen      total 33280K, used 33275K [0x00000000ec180000, 0x00000000f0280000, 0x0000000100000000)
  eden space 30720K, 100% used [0x00000000ec180000,0x00000000edf80000,0x00000000edf80000)
  from space 2560K, 99% used [0x00000000edf80000,0x00000000ee1feef0,0x00000000ee200000)
  to   space 2560K, 0% used [0x00000000f0000000,0x00000000f0000000,0x00000000f0280000)
 ParOldGen       total 40960K, used 2217K [0x00000000c4400000, 0x00000000c6c00000, 0x00000000ec180000)
  object space 40960K, 5% used [0x00000000c4400000,0x00000000c462a5e0,0x00000000c6c00000)
 Metaspace       used 13585K, capacity 13714K, committed 13824K, reserved 1060864K
  class space    used 1685K, capacity 1723K, committed 1792K, reserved 1048576K
Event: 2.052 GC heap after
Heap after GC invocations=4 (full 0):
 PSYoungGen      total 64000K, used 2545K [0x00000000ec180000, 0x00000000f0280000, 0x0000000100000000)
  eden space 61440K, 0% used [0x00000000ec180000,0x00000000ec180000,0x00000000efd80000)
  from space 2560K, 99% used [0x00000000f0000000,0x00000000f027c4c8,0x00000000f0280000)
  to   space 2560K, 0% used [0x00000000efd80000,0x00000000efd80000,0x00000000f0000000)
 ParOldGen       total 40960K, used 5779K [0x00000000c4400000, 0x00000000c6c00000, 0x00000000ec180000)
  object space 40960K, 14% used [0x00000000c4400000,0x00000000c49a4ec0,0x00000000c6c00000)
 Metaspace       used 13585K, capacity 13714K, committed 13824K, reserved 1060864K
  class space    used 1685K, capacity 1723K, committed 1792K, reserved 1048576K
}
Event: 3.039 GC heap before
{Heap before GC invocations=5 (full 0):
 PSYoungGen      total 64000K, used 63985K [0x00000000ec180000, 0x00000000f0280000, 0x0000000100000000)
  eden space 61440K, 100% used [0x00000000ec180000,0x00000000efd80000,0x00000000efd80000)
  from space 2560K, 99% used [0x00000000f0000000,0x00000000f027c4c8,0x00000000f0280000)
  to   space 2560K, 0% used [0x00000000efd80000,0x00000000efd80000,0x00000000f0000000)
 ParOldGen       total 40960K, used 5779K [0x00000000c4400000, 0x00000000c6c00000, 0x00000000ec180000)
  object space 40960K, 14% used [0x00000000c4400000,0x00000000c49a4ec0,0x00000000c6c00000)
 Metaspace       used 18809K, capacity 19034K, committed 19328K, reserved 1067008K
  class space    used 2326K, capacity 2359K, committed 2432K, reserved 1048576K
Event: 3.054 GC heap after
Heap after GC invocations=5 (full 0):
 PSYoungGen      total 64000K, used 2547K [0x00000000ec180000, 0x00000000f4c80000, 0x0000000100000000)
  eden space 61440K, 0% used [0x00000000ec180000,0x00000000ec180000,0x00000000efd80000)
  from space 2560K, 99% used [0x00000000efd80000,0x00000000efffcf38,0x00000000f0000000)
  to   space 9728K, 0% used [0x00000000f4300000,0x00000000f4300000,0x00000000f4c80000)
 ParOldGen       total 40960K, used 12340K [0x00000000c4400000, 0x00000000c6c00000, 0x00000000ec180000)
  object space 40960K, 30% used [0x00000000c4400000,0x00000000c500d000,0x00000000c6c00000)
 Metaspace       used 18809K, capacity 19034K, committed 19328K, reserved 1067008K
  class space    used 2326K, capacity 2359K, committed 2432K, reserved 1048576K
}
Event: 3.262 GC heap before
{Heap before GC invocations=6 (full 0):
 PSYoungGen      total 64000K, used 40480K [0x00000000ec180000, 0x00000000f4c80000, 0x0000000100000000)
  eden space 61440K, 61% used [0x00000000ec180000,0x00000000ee68b3b8,0x00000000efd80000)
  from space 2560K, 99% used [0x00000000efd80000,0x00000000efffcf38,0x00000000f0000000)
  to   space 9728K, 0% used [0x00000000f4300000,0x00000000f4300000,0x00000000f4c80000)
 ParOldGen       total 40960K, used 12340K [0x00000000c4400000, 0x00000000c6c00000, 0x00000000ec180000)
  object space 40960K, 30% used [0x00000000c4400000,0x00000000c500d000,0x00000000c6c00000)
 Metaspace       used 20978K, capacity 21230K, committed 21296K, reserved 1069056K
  class space    used 2587K, capacity 2678K, committed 2688K, reserved 1048576K
Event: 3.281 GC heap after
Heap after GC invocations=6 (full 0):
 PSYoungGen      total 131584K, used 4681K [0x00000000ec180000, 0x00000000f4b80000, 0x0000000100000000)
  eden space 122880K, 0% used [0x00000000ec180000,0x00000000ec180000,0x00000000f3980000)
  from space 8704K, 53% used [0x00000000f4300000,0x00000000f47927d0,0x00000000f4b80000)
  to   space 9216K, 0% used [0x00000000f3980000,0x00000000f3980000,0x00000000f4280000)
 ParOldGen       total 40960K, used 12348K [0x00000000c4400000, 0x00000000c6c00000, 0x00000000ec180000)
  object space 40960K, 30% used [0x00000000c4400000,0x00000000c500f000,0x00000000c6c00000)
 Metaspace       used 20978K, capacity 21230K, committed 21296K, reserved 1069056K
  class space    used 2587K, capacity 2678K, committed 2688K, reserved 1048576K
}
Event: 3.281 GC heap before
{Heap before GC invocations=7 (full 1):
 PSYoungGen      total 131584K, used 4681K [0x00000000ec180000, 0x00000000f4b80000, 0x0000000100000000)
  eden space 122880K, 0% used [0x00000000ec180000,0x00000000ec180000,0x00000000f3980000)
  from space 8704K, 53% used [0x00000000f4300000,0x00000000f47927d0,0x00000000f4b80000)
  to   space 9216K, 0% used [0x00000000f3980000,0x00000000f3980000,0x00000000f4280000)
 ParOldGen       total 40960K, used 12348K [0x00000000c4400000, 0x00000000c6c00000, 0x00000000ec180000)
  object space 40960K, 30% used [0x00000000c4400000,0x00000000c500f000,0x00000000c6c00000)
 Metaspace       used 20978K, capacity 21230K, committed 21296K, reserved 1069056K
  class space    used 2587K, capacity 2678K, committed 2688K, reserved 1048576K
Event: 3.354 GC heap after
Heap after GC invocations=7 (full 1):
 PSYoungGen      total 131584K, used 0K [0x00000000ec180000, 0x00000000f4b80000, 0x0000000100000000)
  eden space 122880K, 0% used [0x00000000ec180000,0x00000000ec180000,0x00000000f3980000)
  from space 8704K, 0% used [0x00000000f4300000,0x00000000f4300000,0x00000000f4b80000)
  to   space 9216K, 0% used [0x00000000f3980000,0x00000000f3980000,0x00000000f4280000)
 ParOldGen       total 35328K, used 7795K [0x00000000c4400000, 0x00000000c6680000, 0x00000000ec180000)
  object space 35328K, 22% used [0x00000000c4400000,0x00000000c4b9cc90,0x00000000c6680000)
 Metaspace       used 20978K, capacity 21230K, committed 21296K, reserved 1069056K
  class space    used 2587K, capacity 2678K, committed 2688K, reserved 1048576K
}
Event: 6.189 GC heap before
{Heap before GC invocations=8 (full 1):
 PSYoungGen      total 131584K, used 122880K [0x00000000ec180000, 0x00000000f4b80000, 0x0000000100000000)
  eden space 122880K, 100% used [0x00000000ec180000,0x00000000f3980000,0x00000000f3980000)
  from space 8704K, 0% used [0x00000000f4300000,0x00000000f4300000,0x00000000f4b80000)
  to   space 9216K, 0% used [0x00000000f3980000,0x00000000f3980000,0x00000000f4280000)
 ParOldGen       total 35328K, used 7795K [0x00000000c4400000, 0x00000000c6680000, 0x00000000ec180000)
  object space 35328K, 22% used [0x00000000c4400000,0x00000000c4b9cc90,0x00000000c6680000)
 Metaspace       used 28829K, capacity 29194K, committed 29440K, reserved 1075200K
  class space    used 3638K, capacity 3744K, committed 3840K, reserved 1048576K

